<?xml version="1.0" encoding="UTF-8"?>
<!-- Generated by org.testng.reporters.JUnitReportReporter -->
<testsuite skipped="0" hostname="aj-305E4A-305E5A-305E7A" name="Dribble.news" tests="1" failures="0" timestamp="06 Aug 2017 07:57:23 GMT" time="8.138" errors="0">
  <testcase name="dlogin" time="8.138" classname="Dribble.news"/>
</testsuite> <!-- Dribble.news -->
