<?xml version="1.0" encoding="UTF-8"?>
<!-- Generated by org.testng.reporters.JUnitReportReporter -->
<testsuite skipped="0" hostname="aj-305E4A-305E5A-305E7A" name="jenkins.gmail" tests="1" failures="0" timestamp="24 Jul 2017 12:55:41 GMT" time="0.139" errors="0">
  <testcase name="testjenkins" time="0.139" classname="jenkins.gmail"/>
</testsuite> <!-- jenkins.gmail -->
