<?xml version="1.0" encoding="UTF-8"?>
<!-- Generated by org.testng.reporters.JUnitReportReporter -->
<testsuite skipped="0" hostname="aj-305E4A-305E5A-305E7A" name="Run.Loginerp" tests="1" failures="0" timestamp="26 Jul 2017 09:25:38 GMT" time="36.202" errors="0">
  <testcase name="login" time="36.202" classname="Run.Loginerp"/>
</testsuite> <!-- Run.Loginerp -->
