<?xml version="1.0" encoding="UTF-8"?>
<!-- Generated by org.testng.reporters.JUnitReportReporter -->
<testsuite skipped="0" hostname="aj-305E4A-305E5A-305E7A" name="Login.crossbrowsing2" tests="1" failures="0" timestamp="16 Jun 2017 10:18:01 GMT" time="47.664" errors="0">
  <testcase name="login" time="47.664" classname="Login.crossbrowsing2"/>
</testsuite> <!-- Login.crossbrowsing2 -->
