<?xml version="1.0" encoding="UTF-8"?>
<!-- Generated by org.testng.reporters.JUnitReportReporter -->
<testsuite skipped="0" hostname="aj-305E4A-305E5A-305E7A" name="Erp.Loginelement" tests="1" failures="0" timestamp="13 Jun 2017 11:21:41 GMT" time="8.774" errors="0">
  <testcase name="testPageTitle" time="8.774" classname="Erp.Loginelement"/>
</testsuite> <!-- Erp.Loginelement -->
