<?xml version="1.0" encoding="UTF-8"?>
<!-- Generated by org.testng.reporters.JUnitReportReporter -->
<testsuite skipped="0" hostname="aj-305E4A-305E5A-305E7A" name="Agro.Login" tests="1" failures="0" timestamp="09 Sep 2017 11:57:05 GMT" time="31.504" errors="0">
  <testcase name="login" time="31.504" classname="Agro.Login"/>
</testsuite> <!-- Agro.Login -->
