<?xml version="1.0" encoding="UTF-8"?>
<!-- Generated by org.testng.reporters.JUnitReportReporter -->
<testsuite skipped="0" hostname="aj-305E4A-305E5A-305E7A" name="Jenkins.Dribble" tests="1" failures="0" timestamp="26 Jul 2017 08:32:55 GMT" time="0.024" errors="0">
  <testcase name="test" time="0.024" classname="Jenkins.Dribble"/>
</testsuite> <!-- Jenkins.Dribble -->
