<?xml version="1.0" encoding="UTF-8"?>
<!-- Generated by org.testng.reporters.JUnitReportReporter -->
<testsuite skipped="2" hostname="aj-305E4A-305E5A-305E7A" name="demo1.NewTest" tests="3" failures="0" timestamp="25 May 2017 17:44:09 GMT" time="0.025" errors="0">
  <testcase name="testcase3" time="0.025" classname="demo1.NewTest"/>
  <testcase name="testcase1" classname="demo1.NewTest">
    <skipped/>
  </testcase> <!-- testcase1 -->
  <testcase name="testcase2" classname="demo1.NewTest">
    <skipped/>
  </testcase> <!-- testcase2 -->
</testsuite> <!-- demo1.NewTest -->
